<?xml version="1.0" encoding="UTF-8"?>
<coverage generated="1725321444000" clover="3.2.0">
  <project timestamp="1725321444001" name="All files">
    <metrics statements="13" coveredstatements="5" conditionals="14" coveredconditionals="7" methods="4" coveredmethods="1" elements="31" coveredelements="13" complexity="0" loc="13" ncloc="13" packages="1" files="2" classes="2"/>
    <file name="lista.ts" path="C:\Users\Alunos\Documents\GitHub\Laborat-rioWeb\Lista\src\lista.ts">
      <metrics statements="8" coveredstatements="5" conditionals="11" coveredconditionals="7" methods="2" coveredmethods="1"/>
      <line num="1" count="1" type="stmt"/>
      <line num="5" count="0" type="cond" truecount="0" falsecount="1"/>
      <line num="6" count="0" type="cond" truecount="0" falsecount="1"/>
      <line num="8" count="0" type="stmt"/>
      <line num="18" count="1" type="stmt"/>
      <line num="19" count="1" type="stmt"/>
      <line num="20" count="1" type="cond" truecount="4" falsecount="1"/>
      <line num="22" count="1" type="cond" truecount="3" falsecount="1"/>
    </file>
    <file name="operations.ts" path="C:\Users\Alunos\Documents\GitHub\Laborat-rioWeb\Lista\src\operations.ts">
      <metrics statements="5" coveredstatements="0" conditionals="3" coveredconditionals="0" methods="2" coveredmethods="0"/>
      <line num="1" count="0" type="stmt"/>
      <line num="3" count="0" type="stmt"/>
      <line num="4" count="0" type="cond" truecount="0" falsecount="3"/>
      <line num="5" count="0" type="stmt"/>
      <line num="8" count="0" type="stmt"/>
    </file>
  </project>
</coverage>
