{"C:\\Users\\Alunos\\Documents\\GitHub\\Laborat-rioWeb\\Lista\\src\\lista.ts": {"path":"C:\\Users\\Alunos\\Documents\\GitHub\\Laborat-rioWeb\\Lista\\src\\lista.ts","statementMap":{"0":{"start":{"line":1,"column":34},"end":{"line":9,"column":1}},"1":{"start":{"line":5,"column":2},"end":{"line":5,"column":41}},"2":{"start":{"line":5,"column":29},"end":{"line":5,"column":41}},"3":{"start":{"line":6,"column":2},"end":{"line":6,"column":41}},"4":{"start":{"line":6,"column":29},"end":{"line":6,"column":41}},"5":{"start":{"line":8,"column":2},"end":{"line":8,"column":67}},"6":{"start":{"line":1,"column":13},"end":{"line":1,"column":34}},"7":{"start":{"line":18,"column":27},"end":{"line":23,"column":1}},"8":{"start":{"line":19,"column":37},"end":{"line":19,"column":43}},"9":{"start":{"line":20,"column":2},"end":{"line":20,"column":52}},"10":{"start":{"line":20,"column":40},"end":{"line":20,"column":52}},"11":{"start":{"line":22,"column":2},"end":{"line":22,"column":80}},"12":{"start":{"line":22,"column":68},"end":{"line":22,"column":80}},"13":{"start":{"line":18,"column":13},"end":{"line":18,"column":27}}},"fnMap":{"0":{"name":"(anonymous_0)","decl":{"start":{"line":1,"column":34},"end":{"line":1,"column":null}},"loc":{"start":{"line":4,"column":19},"end":{"line":9,"column":1}}},"1":{"name":"(anonymous_1)","decl":{"start":{"line":18,"column":27},"end":{"line":18,"column":28}},"loc":{"start":{"line":18,"column":63},"end":{"line":23,"column":1}}}},"branchMap":{"0":{"loc":{"start":{"line":5,"column":2},"end":{"line":5,"column":41}},"type":"if","locations":[{"start":{"line":5,"column":2},"end":{"line":5,"column":41}}]},"1":{"loc":{"start":{"line":6,"column":2},"end":{"line":6,"column":41}},"type":"if","locations":[{"start":{"line":6,"column":2},"end":{"line":6,"column":41}}]},"2":{"loc":{"start":{"line":20,"column":2},"end":{"line":20,"column":52}},"type":"if","locations":[{"start":{"line":20,"column":2},"end":{"line":20,"column":52}}]},"3":{"loc":{"start":{"line":20,"column":6},"end":{"line":20,"column":38}},"type":"binary-expr","locations":[{"start":{"line":20,"column":6},"end":{"line":20,"column":9}},{"start":{"line":20,"column":13},"end":{"line":20,"column":18}},{"start":{"line":20,"column":22},"end":{"line":20,"column":26}},{"start":{"line":20,"column":30},"end":{"line":20,"column":38}}]},"4":{"loc":{"start":{"line":22,"column":2},"end":{"line":22,"column":80}},"type":"if","locations":[{"start":{"line":22,"column":2},"end":{"line":22,"column":80}}]},"5":{"loc":{"start":{"line":22,"column":6},"end":{"line":22,"column":66}},"type":"binary-expr","locations":[{"start":{"line":22,"column":6},"end":{"line":22,"column":23}},{"start":{"line":22,"column":27},"end":{"line":22,"column":42}},{"start":{"line":22,"column":46},"end":{"line":22,"column":66}}]}},"s":{"0":1,"1":0,"2":0,"3":0,"4":0,"5":0,"6":1,"7":1,"8":1,"9":1,"10":0,"11":1,"12":0,"13":1},"f":{"0":0,"1":1},"b":{"0":[0],"1":[0],"2":[0],"3":[1,1,1,1],"4":[0],"5":[1,1,1]}}
,"C:\\Users\\Alunos\\Documents\\GitHub\\Laborat-rioWeb\\Lista\\src\\operations.ts": {"path":"C:\\Users\\Alunos\\Documents\\GitHub\\Laborat-rioWeb\\Lista\\src\\operations.ts","statementMap":{"0":{"start":{"line":1,"column":12},"end":{"line":1,"column":43}},"1":{"start":{"line":1,"column":38},"end":{"line":1,"column":43}},"2":{"start":{"line":3,"column":21},"end":{"line":6,"column":1}},"3":{"start":{"line":4,"column":2},"end":{"line":4,"column":34}},"4":{"start":{"line":4,"column":22},"end":{"line":4,"column":34}},"5":{"start":{"line":5,"column":2},"end":{"line":5,"column":15}},"6":{"start":{"line":8,"column":0},"end":{"line":8,"column":37}}},"fnMap":{"0":{"name":"(anonymous_0)","decl":{"start":{"line":1,"column":12},"end":{"line":1,"column":13}},"loc":{"start":{"line":1,"column":38},"end":{"line":1,"column":43}}},"1":{"name":"(anonymous_1)","decl":{"start":{"line":3,"column":21},"end":{"line":3,"column":22}},"loc":{"start":{"line":3,"column":46},"end":{"line":6,"column":1}}}},"branchMap":{"0":{"loc":{"start":{"line":4,"column":2},"end":{"line":4,"column":34}},"type":"if","locations":[{"start":{"line":4,"column":2},"end":{"line":4,"column":34}}]},"1":{"loc":{"start":{"line":4,"column":6},"end":{"line":4,"column":20}},"type":"binary-expr","locations":[{"start":{"line":4,"column":6},"end":{"line":4,"column":11}},{"start":{"line":4,"column":15},"end":{"line":4,"column":20}}]}},"s":{"0":0,"1":0,"2":0,"3":0,"4":0,"5":0,"6":0},"f":{"0":0,"1":0},"b":{"0":[0],"1":[0,0]}}
}
