TN:
SF:src\lista.ts
FN:1,(anonymous_0)
FN:18,(anonymous_1)
FNF:2
FNH:1
FNDA:0,(anonymous_0)
FNDA:1,(anonymous_1)
DA:1,1
DA:5,0
DA:6,0
DA:8,0
DA:18,1
DA:19,1
DA:20,1
DA:22,1
LF:8
LH:5
BRDA:5,0,0,0
BRDA:6,1,0,0
BRDA:20,2,0,0
BRDA:20,3,0,1
BRDA:20,3,1,1
BRDA:20,3,2,1
BRDA:20,3,3,1
BRDA:22,4,0,0
BRDA:22,5,0,1
BRDA:22,5,1,1
BRDA:22,5,2,1
BRF:11
BRH:7
end_of_record
TN:
SF:src\operations.ts
FN:1,(anonymous_0)
FN:3,(anonymous_1)
FNF:2
FNH:0
FNDA:0,(anonymous_0)
FNDA:0,(anonymous_1)
DA:1,0
DA:3,0
DA:4,0
DA:5,0
DA:8,0
LF:5
LH:0
BRDA:4,0,0,0
BRDA:4,1,0,0
BRDA:4,1,1,0
BRF:3
BRH:0
end_of_record
